# JRE version: OpenJDK Runtime Environment (24.0+36) (build 24+36-3646)
# Java VM: OpenJDK 64-Bit Server VM (24+36-3646, mixed mode, emulated-client, sharing, tiered, compressed oops, compressed class ptrs, g1 gc, windows-amd64)
GC Precious Log:
 CardTable entry size: 512
 Card Set container configuration: InlinePtr #cards 5 size 8 Array Of Cards #cards 10 size 36 Howl #buckets 4 coarsen threshold 1843 Howl Bitmap #cards 512 size 80 coarsen threshold 460 Card regions per heap region 1 cards per card region 2048
 CPUs: 4 total, 4 available
 Memory: 8071M
 Large Page Support: Disabled
 NUMA Support: Disabled
 Compressed Oops: Enabled (32-bit)
 Heap Region Size: 1M
 Heap Min Capacity: 8M
 Heap Initial Capacity: 128M
 Heap Max Capacity: 2018M
 Pre-touch: Disabled
 Parallel Workers: 4
 Concurrent Workers: 1
 Concurrent Refinement Workers: 4
 Periodic GC: Disabled
Heap:
 garbage-first heap   total reserved 2066432K, committed 78848K, used 46017K [0x0000000081e00000, 0x0000000100000000)
  region size 1024K, 6 young (6144K), 3 survivors (3072K)
 Metaspace       used 75710K, committed 76480K, reserved 1179648K
  class space    used 8755K, committed 9088K, reserved 1048576K
GC Heap History (20 events):
Event: 6.524 GC heap before
{Heap before GC invocations=6 (full 0):
 garbage-first heap   total reserved 2066432K, committed 65536K, used 49585K [0x0000000081e00000, 0x0000000100000000)
  region size 1024K, 30 young (30720K), 3 survivors (3072K)
 Metaspace       used 30603K, committed 31040K, reserved 1114112K
  class space    used 3493K, committed 3712K, reserved 1048576K
}
Event: 6.532 GC heap after
{Heap after GC invocations=7 (full 0):
 garbage-first heap   total reserved 2066432K, committed 65536K, used 24036K [0x0000000081e00000, 0x0000000100000000)
  region size 1024K, 4 young (4096K), 4 survivors (4096K)
 Metaspace       used 30603K, committed 31040K, reserved 1114112K
  class space    used 3493K, committed 3712K, reserved 1048576K
}
Event: 7.413 GC heap before
{Heap before GC invocations=7 (full 0):
 garbage-first heap   total reserved 2066432K, committed 65536K, used 52708K [0x0000000081e00000, 0x0000000100000000)
  region size 1024K, 32 young (32768K), 4 survivors (4096K)
 Metaspace       used 33781K, committed 34304K, reserved 1114112K
  class space    used 3872K, committed 4096K, reserved 1048576K
}
Event: 7.424 GC heap after
{Heap after GC invocations=8 (full 0):
 garbage-first heap   total reserved 2066432K, committed 65536K, used 26423K [0x0000000081e00000, 0x0000000100000000)
  region size 1024K, 3 young (3072K), 3 survivors (3072K)
 Metaspace       used 33781K, committed 34304K, reserved 1114112K
  class space    used 3872K, committed 4096K, reserved 1048576K
}
Event: 7.710 GC heap before
{Heap before GC invocations=8 (full 0):
 garbage-first heap   total reserved 2066432K, committed 65536K, used 32567K [0x0000000081e00000, 0x0000000100000000)
  region size 1024K, 10 young (10240K), 3 survivors (3072K)
 Metaspace       used 35624K, committed 36096K, reserved 1114112K
  class space    used 4034K, committed 4224K, reserved 1048576K
}
Event: 7.716 GC heap after
{Heap after GC invocations=9 (full 0):
 garbage-first heap   total reserved 2066432K, committed 78848K, used 26539K [0x0000000081e00000, 0x0000000100000000)
  region size 1024K, 3 young (3072K), 3 survivors (3072K)
 Metaspace       used 35624K, committed 36096K, reserved 1114112K
  class space    used 4034K, committed 4224K, reserved 1048576K
}
Event: 9.130 GC heap before
{Heap before GC invocations=10 (full 0):
 garbage-first heap   total reserved 2066432K, committed 78848K, used 63403K [0x0000000081e00000, 0x0000000100000000)
  region size 1024K, 40 young (40960K), 3 survivors (3072K)
 Metaspace       used 45395K, committed 45888K, reserved 1114112K
  class space    used 5104K, committed 5312K, reserved 1048576K
}
Event: 9.138 GC heap after
{Heap after GC invocations=11 (full 0):
 garbage-first heap   total reserved 2066432K, committed 78848K, used 29601K [0x0000000081e00000, 0x0000000100000000)
  region size 1024K, 5 young (5120K), 5 survivors (5120K)
 Metaspace       used 45395K, committed 45888K, reserved 1114112K
  class space    used 5104K, committed 5312K, reserved 1048576K
}
Event: 10.541 GC heap before
{Heap before GC invocations=11 (full 0):
 garbage-first heap   total reserved 2066432K, committed 78848K, used 65441K [0x0000000081e00000, 0x0000000100000000)
  region size 1024K, 40 young (40960K), 5 survivors (5120K)
 Metaspace       used 55086K, committed 55616K, reserved 1114112K
  class space    used 6179K, committed 6400K, reserved 1048576K
}
Event: 10.551 GC heap after
{Heap after GC invocations=12 (full 0):
 garbage-first heap   total reserved 2066432K, committed 78848K, used 31124K [0x0000000081e00000, 0x0000000100000000)
  region size 1024K, 2 young (2048K), 2 survivors (2048K)
 Metaspace       used 55086K, committed 55616K, reserved 1114112K
  class space    used 6179K, committed 6400K, reserved 1048576K
}
Event: 11.242 GC heap before
{Heap before GC invocations=12 (full 0):
 garbage-first heap   total reserved 2066432K, committed 78848K, used 55700K [0x0000000081e00000, 0x0000000100000000)
  region size 1024K, 27 young (27648K), 2 survivors (2048K)
 Metaspace       used 60068K, committed 60608K, reserved 1114112K
  class space    used 6700K, committed 6912K, reserved 1048576K
}
Event: 11.249 GC heap after
{Heap after GC invocations=13 (full 0):
 garbage-first heap   total reserved 2066432K, committed 78848K, used 32747K [0x0000000081e00000, 0x0000000100000000)
  region size 1024K, 4 young (4096K), 4 survivors (4096K)
 Metaspace       used 60068K, committed 60608K, reserved 1114112K
  class space    used 6700K, committed 6912K, reserved 1048576K
}
Event: 12.110 GC heap before
{Heap before GC invocations=14 (full 0):
 garbage-first heap   total reserved 2066432K, committed 78848K, used 68587K [0x0000000081e00000, 0x0000000100000000)
  region size 1024K, 39 young (39936K), 4 survivors (4096K)
 Metaspace       used 63795K, committed 64448K, reserved 1114112K
  class space    used 7334K, committed 7616K, reserved 1048576K
}
Event: 12.121 GC heap after
{Heap after GC invocations=15 (full 0):
 garbage-first heap   total reserved 2066432K, committed 78848K, used 35786K [0x0000000081e00000, 0x0000000100000000)
  region size 1024K, 5 young (5120K), 5 survivors (5120K)
 Metaspace       used 63795K, committed 64448K, reserved 1114112K
  class space    used 7334K, committed 7616K, reserved 1048576K
}
Event: 12.880 GC heap before
{Heap before GC invocations=15 (full 0):
 garbage-first heap   total reserved 2066432K, committed 78848K, used 67530K [0x0000000081e00000, 0x0000000100000000)
  region size 1024K, 36 young (36864K), 5 survivors (5120K)
 Metaspace       used 67379K, committed 68032K, reserved 1114112K
  class space    used 7803K, committed 8064K, reserved 1048576K
}
Event: 12.893 GC heap after
{Heap after GC invocations=16 (full 0):
 garbage-first heap   total reserved 2066432K, committed 78848K, used 38094K [0x0000000081e00000, 0x0000000100000000)
  region size 1024K, 4 young (4096K), 4 survivors (4096K)
 Metaspace       used 67379K, committed 68032K, reserved 1114112K
  class space    used 7803K, committed 8064K, reserved 1048576K
}
Event: 17.292 GC heap before
{Heap before GC invocations=16 (full 0):
 garbage-first heap   total reserved 2066432K, committed 78848K, used 67790K [0x0000000081e00000, 0x0000000100000000)
  region size 1024K, 34 young (34816K), 4 survivors (4096K)
 Metaspace       used 73004K, committed 73728K, reserved 1114112K
  class space    used 8440K, committed 8768K, reserved 1048576K
}
Event: 17.304 GC heap after
{Heap after GC invocations=17 (full 0):
 garbage-first heap   total reserved 2066432K, committed 78848K, used 41804K [0x0000000081e00000, 0x0000000100000000)
  region size 1024K, 4 young (4096K), 4 survivors (4096K)
 Metaspace       used 73004K, committed 73728K, reserved 1114112K
  class space    used 8440K, committed 8768K, reserved 1048576K
}
Event: 60.752 GC heap before
{Heap before GC invocations=17 (full 0):
 garbage-first heap   total reserved 2066432K, committed 78848K, used 68428K [0x0000000081e00000, 0x0000000100000000)
  region size 1024K, 31 young (31744K), 4 survivors (4096K)
 Metaspace       used 75667K, committed 76480K, reserved 1179648K
  class space    used 8749K, committed 9088K, reserved 1048576K
}
Event: 60.762 GC heap after
{Heap after GC invocations=18 (full 0):
 garbage-first heap   total reserved 2066432K, committed 78848K, used 43969K [0x0000000081e00000, 0x0000000100000000)
  region size 1024K, 3 young (3072K), 3 survivors (3072K)
 Metaspace       used 75667K, committed 76480K, reserved 1179648K
  class space    used 8749K, committed 9088K, reserved 1048576K
}

